-------------------------------------------------------------------------------
Test set: parallel.RunCucumberTest
-------------------------------------------------------------------------------
Tests run: 4, Failures: 0, Errors: 4, Skipped: 0, Time elapsed: 1.487 s <<< FAILURE! - in parallel.RunCucumberTest
Scenario Outlines feature file.Scenario Outline Row 1  Time elapsed: 0.284 s  <<< ERROR!
io.cucumber.junit.UndefinedStepException: 
The step 'Step from 'Scenario Outline Row 1' in 'scenario-outlines' feature file' is undefined.
You can implement this step using the snippet(s) below:

@Given("Step from {string} in {string} feature file")
public void step_from_in_feature_file(String string, String string2) {
    // Write code here that turns the phrase above into concrete actions
    throw new io.cucumber.java.PendingException();
}


Scenario Outlines feature file.Scenario Outline Row 2  Time elapsed: 0.011 s  <<< ERROR!
io.cucumber.junit.UndefinedStepException: 
The step 'Step from 'Scenario Outline Row 2' in 'scenario-outlines' feature file' is undefined.
You can implement this step using the snippet(s) below:

@Given("Step from {string} in {string} feature file")
public void step_from_in_feature_file(String string, String string2) {
    // Write code here that turns the phrase above into concrete actions
    throw new io.cucumber.java.PendingException();
}


Scenarios feature file.Scenario Number One  Time elapsed: 0.016 s  <<< ERROR!
io.cucumber.junit.UndefinedStepException: 
The step 'Step from 'Scenario 1' in 'scenarios' feature file' is undefined.
You can implement this step using the snippet(s) below:

@Given("Step from {string} in {string} feature file")
public void step_from_in_feature_file(String string, String string2) {
    // Write code here that turns the phrase above into concrete actions
    throw new io.cucumber.java.PendingException();
}


Scenarios feature file.Scenario Number Two  Time elapsed: 0.008 s  <<< ERROR!
io.cucumber.junit.UndefinedStepException: 
The step 'Step from 'Scenario 2' in 'scenarios' feature file' is undefined.
You can implement this step using the snippet(s) below:

@Given("Step from {string} in {string} feature file")
public void step_from_in_feature_file(String string, String string2) {
    // Write code here that turns the phrase above into concrete actions
    throw new io.cucumber.java.PendingException();
}


