<?xml version="1.0" encoding="UTF-8"?>
<testsuite xmlns:xsi="http://www.w3.org/2001/XMLSchema-instance" xsi:noNamespaceSchemaLocation="https://maven.apache.org/surefire/maven-surefire-plugin/xsd/surefire-test-report-3.0.xsd" version="3.0" name="parallel.RunCucumberTest" time="1.487" tests="4" errors="4" skipped="0" failures="0">
  <properties>
[...]
</properties>
  <testcase name="Scenario Outline Row 1" classname="Scenario Outlines feature file" time="0.284">
    <error message="The step &apos;Step from &apos;Scenario Outline Row 1&apos; in &apos;scenario-outlines&apos; feature file&apos; is undefined.&#10;You can implement this step using the snippet(s) below:&#10;&#10;@Given(&quot;Step from {string} in {string} feature file&quot;)&#10;public void step_from_in_feature_file(String string, String string2) {&#10;    // Write code here that turns the phrase above into concrete actions&#10;    throw new io.cucumber.java.PendingException();&#10;}&#10;" type="io.cucumber.junit.UndefinedStepException"><![CDATA[io.cucumber.junit.UndefinedStepException: 
The step 'Step from 'Scenario Outline Row 1' in 'scenario-outlines' feature file' is undefined.
You can implement this step using the snippet(s) below:

@Given("Step from {string} in {string} feature file")
public void step_from_in_feature_file(String string, String string2) {
    // Write code here that turns the phrase above into concrete actions
    throw new io.cucumber.java.PendingException();
}

]]></error>
    <system-out><![CDATA[
Scenario Outline: Scenario Outline Row 1                                       # src/test/resources/parallel/scenario-outlines.feature:8
  Given Step from 'Scenario Outline Row 1' in 'scenario-outlines' feature file # null
]]></system-out>
  </testcase>
  <testcase name="Scenario Outline Row 2" classname="Scenario Outlines feature file" time="0.011">
    <error message="The step &apos;Step from &apos;Scenario Outline Row 2&apos; in &apos;scenario-outlines&apos; feature file&apos; is undefined.&#10;You can implement this step using the snippet(s) below:&#10;&#10;@Given(&quot;Step from {string} in {string} feature file&quot;)&#10;public void step_from_in_feature_file(String string, String string2) {&#10;    // Write code here that turns the phrase above into concrete actions&#10;    throw new io.cucumber.java.PendingException();&#10;}&#10;" type="io.cucumber.junit.UndefinedStepException"><![CDATA[io.cucumber.junit.UndefinedStepException: 
The step 'Step from 'Scenario Outline Row 2' in 'scenario-outlines' feature file' is undefined.
You can implement this step using the snippet(s) below:

@Given("Step from {string} in {string} feature file")
public void step_from_in_feature_file(String string, String string2) {
    // Write code here that turns the phrase above into concrete actions
    throw new io.cucumber.java.PendingException();
}

]]></error>
    <system-out><![CDATA[
Scenario Outline: Scenario Outline Row 2                                       # src/test/resources/parallel/scenario-outlines.feature:9
  Given Step from 'Scenario Outline Row 2' in 'scenario-outlines' feature file # null
]]></system-out>
  </testcase>
  <testcase name="Scenario Number One" classname="Scenarios feature file" time="0.016">
    <error message="The step &apos;Step from &apos;Scenario 1&apos; in &apos;scenarios&apos; feature file&apos; is undefined.&#10;You can implement this step using the snippet(s) below:&#10;&#10;@Given(&quot;Step from {string} in {string} feature file&quot;)&#10;public void step_from_in_feature_file(String string, String string2) {&#10;    // Write code here that turns the phrase above into concrete actions&#10;    throw new io.cucumber.java.PendingException();&#10;}&#10;" type="io.cucumber.junit.UndefinedStepException"><![CDATA[io.cucumber.junit.UndefinedStepException: 
The step 'Step from 'Scenario 1' in 'scenarios' feature file' is undefined.
You can implement this step using the snippet(s) below:

@Given("Step from {string} in {string} feature file")
public void step_from_in_feature_file(String string, String string2) {
    // Write code here that turns the phrase above into concrete actions
    throw new io.cucumber.java.PendingException();
}

]]></error>
    <system-out><![CDATA[
Scenario: Scenario Number One                              # src/test/resources/parallel/scenarios.feature:3
  Given Step from 'Scenario 1' in 'scenarios' feature file # null
]]></system-out>
  </testcase>
  <testcase name="Scenario Number Two" classname="Scenarios feature file" time="0.008">
    <error message="The step &apos;Step from &apos;Scenario 2&apos; in &apos;scenarios&apos; feature file&apos; is undefined.&#10;You can implement this step using the snippet(s) below:&#10;&#10;@Given(&quot;Step from {string} in {string} feature file&quot;)&#10;public void step_from_in_feature_file(String string, String string2) {&#10;    // Write code here that turns the phrase above into concrete actions&#10;    throw new io.cucumber.java.PendingException();&#10;}&#10;" type="io.cucumber.junit.UndefinedStepException"><![CDATA[io.cucumber.junit.UndefinedStepException: 
The step 'Step from 'Scenario 2' in 'scenarios' feature file' is undefined.
You can implement this step using the snippet(s) below:

@Given("Step from {string} in {string} feature file")
public void step_from_in_feature_file(String string, String string2) {
    // Write code here that turns the phrase above into concrete actions
    throw new io.cucumber.java.PendingException();
}

]]></error>
    <system-out><![CDATA[
Scenario: Scenario Number Two                              # src/test/resources/parallel/scenarios.feature:6
  Given Step from 'Scenario 2' in 'scenarios' feature file # null
]]></system-out>
  </testcase>
</testsuite>