<?xml version="1.0" encoding="UTF-8"?>
<testng-results ignored="0" total="1" passed="1" failed="0" skipped="0">
  <reporter-output>
  </reporter-output>
  <suite started-at="2021-10-09T02:45:24Z" name="Default suite" finished-at="2021-10-09T02:45:28Z" duration-ms="4068">
    <groups>
    </groups>
    <test started-at="2021-10-09T02:45:24Z" name="Default test" finished-at="2021-10-09T02:45:28Z" duration-ms="4068">
      <class name="restapi.LMSPrograms.DeleteProgram">
        <test-method signature="DeleteAProgram()[pri:0, instance:restapi.LMSPrograms.DeleteProgram@3f67593e]" started-at="2021-10-09T02:45:24Z" name="DeleteAProgram" finished-at="2021-10-09T02:45:28Z" duration-ms="4025" status="PASS">
          <reporter-output>
          </reporter-output>
        </test-method> <!-- DeleteAProgram -->
      </class> <!-- restapi.LMSPrograms.DeleteProgram -->
    </test> <!-- Default test -->
  </suite> <!-- Default suite -->
</testng-results>
