<?xml version="1.0" encoding="UTF-8"?>
<testng-results ignored="0" total="1" passed="1" failed="0" skipped="0">
  <reporter-output>
  </reporter-output>
  <suite started-at="2021-09-02T17:08:01Z" name="Default suite" finished-at="2021-09-02T17:08:06Z" duration-ms="5309">
    <groups>
    </groups>
    <test started-at="2021-09-02T17:08:01Z" name="Default test" finished-at="2021-09-02T17:08:06Z" duration-ms="5309">
      <class name="test.Test99GuruLoginWithPageFactory">
        <test-method is-config="true" signature="setup()[pri:0, instance:test.Test99GuruLoginWithPageFactory@727eb8cb]" started-at="2021-09-02T17:08:01Z" name="setup" finished-at="2021-09-02T17:08:05Z" duration-ms="4100" status="PASS">
          <reporter-output>
          </reporter-output>
        </test-method> <!-- setup -->
        <test-method signature="test_Home_Page_Appear_Correct()[pri:0, instance:test.Test99GuruLoginWithPageFactory@727eb8cb]" started-at="2021-09-02T17:08:05Z" name="test_Home_Page_Appear_Correct" finished-at="2021-09-02T17:08:06Z" duration-ms="1180" status="PASS">
          <reporter-output>
          </reporter-output>
        </test-method> <!-- test_Home_Page_Appear_Correct -->
      </class> <!-- test.Test99GuruLoginWithPageFactory -->
    </test> <!-- Default test -->
  </suite> <!-- Default suite -->
</testng-results>
