<?xml version="1.0" encoding="UTF-8"?>
<!-- Generated by org.testng.reporters.JUnitXMLReporter -->
<testsuite ignored="0" hostname="LAPTOP-LD0UQO0J" failures="1" tests="3" name="Test" time="16.415" errors="0" timestamp="20 Sep 2021 18:10:00 GMT">
  <testcase classname="AllureReports.Tests" name="Login" time="3.14"/>
  <testcase classname="AllureReports.Tests" name="VerifyTitle" time="2.082">
    <failure type="java.lang.AssertionError" message="expected [OrangeHRM2] but found [OrangeHRM]">
      <![CDATA[java.lang.AssertionError: expected [OrangeHRM2] but found [OrangeHRM]
at AllureReports.Tests.VerifyTitle(Tests.java:55)
... Removed 31 stack frames]]>
    </failure>
  </testcase> <!-- VerifyTitle -->
  <testcase classname="AllureReports.Tests" name="registeration" time="0.007">
    <skipped/>
  </testcase> <!-- registeration -->
</testsuite> <!-- Test -->
